#
# A fatal error has been detected by the Java Runtime Environment:
#
#  EXCEPTION_ACCESS_VIOLATION (0xc0000005) at pc=0x00007fff6f63d9b1, pid=19916, tid=18612
#
# JRE version: OpenJDK Runtime Environment (17.0.6) (build 17.0.6+0-b2043.56-9586694)
# Java VM: OpenJDK 64-Bit Server VM (17.0.6+0-b2043.56-9586694, mixed mode, tiered, compressed oops, compressed class ptrs, g1 gc, windows-amd64)
# Problematic frame:
# V  [jvm.dll+0x36d9b1]
#
# No core dump will be written. Minidumps are not enabled by default on client versions of Windows
#
# If you would like to submit a bug report, please visit:
#   https://bugreport.java.com/bugreport/crash.jsp
#

---------------  S U M M A R Y ------------

Command Line: --add-opens=java.base/java.util=ALL-UNNAMED --add-opens=java.base/java.lang=ALL-UNNAMED --add-opens=java.base/java.lang.invoke=ALL-UNNAMED --add-opens=java.prefs/java.util.prefs=ALL-UNNAMED --add-opens=java.base/java.nio.charset=ALL-UNNAMED --add-opens=java.base/java.net=ALL-UNNAMED --add-opens=java.base/java.util.concurrent.atomic=ALL-UNNAMED -Xmx2048m -Dfile.encoding=UTF-8 -Duser.country=US -Duser.language=en -Duser.variant org.gradle.launcher.daemon.bootstrap.GradleDaemon 8.0

Host: Intel(R) Core(TM) i7-9750H CPU @ 2.60GHz, 12 cores, 15G,  Windows 11 , 64 bit Build 22621 (10.0.22621.2070)
Time: Wed Sep 13 19:52:53 2023 SE Asia Standard Time elapsed time: 3.822882 seconds (0d 0h 0m 3s)

---------------  T H R E A D  ---------------

Current thread (0x000001f200d53440):  JavaThread "C2 CompilerThread2" daemon [_thread_in_native, id=18612, stack(0x0000000101a00000,0x0000000101b00000)]


Current CompileTask:
C2:   3822 3745       4       org.objectweb.asm.Frame::execute (2318 bytes)

Stack: [0x0000000101a00000,0x0000000101b00000],  sp=0x0000000101afb6e0,  free space=1005k
Native frames: (J=compiled Java code, j=interpreted, Vv=VM code, C=native code)
V  [jvm.dll+0x36d9b1]
V  [jvm.dll+0x56c216]
V  [jvm.dll+0x1bd0cd]
V  [jvm.dll+0x21c359]
V  [jvm.dll+0x21b621]
V  [jvm.dll+0x1a4fdd]
V  [jvm.dll+0x22b098]
V  [jvm.dll+0x229159]
V  [jvm.dll+0x7f809c]
V  [jvm.dll+0x7f25fa]
V  [jvm.dll+0x682985]
C  [ucrtbase.dll+0x29363]
C  [KERNEL32.DLL+0x126ad]
C  [ntdll.dll+0x5aa68]


siginfo: EXCEPTION_ACCESS_VIOLATION (0xc0000005), writing address 0x00007ffe6fe611c8


Register to memory mapping:

RIP=0x00007fff6f63d9b1 jvm.dll
RAX=0x0000000101afe5b0 is pointing into the stack for thread: 0x000001f200d53440
RBX=0x00007ffe6fe611c8 is an unknown value
RCX=0x000001f203823380 points into unknown readable memory: 0x000001f203823000 | 00 30 82 03 f2 01 00 00
RDX=0x0000000000000004 is an unknown value
RSP=0x0000000101afb6e0 is pointing into the stack for thread: 0x000001f200d53440
RBP=0x000001f200ba5d90 points into unknown readable memory: 0x0000000000000000 | 00 00 00 00 00 00 00 00
RSI=0x0000000000000060 is an unknown value
RDI=0x000001f2061c41c0 points into unknown readable memory: 0x0000001300000000 | 00 00 00 00 13 00 00 00
R8 =0x0 is NULL
R9 =0x0000000101afb788 is pointing into the stack for thread: 0x000001f200d53440
R10=0x00007fff6fe611c8 jvm.dll
R11=0x0000000101afb718 is pointing into the stack for thread: 0x000001f200d53440
R12=0x0 is NULL
R13=0x000001f200cf5d70 points into unknown readable memory: 0x000001f200000006 | 06 00 00 00 f2 01 00 00
R14=0x0000000000000050 is an unknown value
R15=0x0000000000000020 is an unknown value


Registers:
RAX=0x0000000101afe5b0, RBX=0x00007ffe6fe611c8, RCX=0x000001f203823380, RDX=0x0000000000000004
RSP=0x0000000101afb6e0, RBP=0x000001f200ba5d90, RSI=0x0000000000000060, RDI=0x000001f2061c41c0
R8 =0x0000000000000000, R9 =0x0000000101afb788, R10=0x00007fff6fe611c8, R11=0x0000000101afb718
R12=0x0000000000000000, R13=0x000001f200cf5d70, R14=0x0000000000000050, R15=0x0000000000000020
RIP=0x00007fff6f63d9b1, EFLAGS=0x0000000000010202

Top of Stack: (sp=0x0000000101afb6e0)
0x0000000101afb6e0:   0000000000001705 0000000101afb930
0x0000000101afb6f0:   000001f2023784f0 00000000000000ca
0x0000000101afb700:   000001f200ba5d90 00000000000001d8
0x0000000101afb710:   000001f2061c41c0 00007fff6f83c216
0x0000000101afb720:   000000000000000c 00000000000001d8
0x0000000101afb730:   0000000101afb930 0000000000000000
0x0000000101afb740:   000001f200a55c70 0000000000000020
0x0000000101afb750:   000001f2023784f0 0000000000000650
0x0000000101afb760:   000001f200cf5d70 000001f202d66890
0x0000000101afb770:   000000000027afe0 000001f202d681a0
0x0000000101afb780:   000001f202d6e878 00007fff00000040
0x0000000101afb790:   000001f2047b59f0 0000000000000040
0x0000000101afb7a0:   000001f200cf5d70 0000000000000000
0x0000000101afb7b0:   00000000000fe970 000001f2023b6000
0x0000000101afb7c0:   000001f2023b6010 000001f1bf906950
0x0000000101afb7d0:   00000000000003d8 0000000000000000 

Instructions: (pc=0x00007fff6f63d9b1)
0x00007fff6f63d8b1:   18 48 8b 88 d0 04 00 00 48 8b 99 80 00 00 00 48
0x00007fff6f63d8c1:   8b 83 d0 08 00 00 48 85 c0 75 0c e8 ef 09 00 00
0x00007fff6f63d8d1:   48 8b 83 d0 08 00 00 48 8b 08 0f 57 c0 48 89 8b
0x00007fff6f63d8e1:   d0 08 00 00 0f 11 00 0f 11 40 10 48 83 c4 20 5b
0x00007fff6f63d8f1:   c3 cc cc cc cc cc cc cc cc cc cc cc cc cc cc 48
0x00007fff6f63d901:   89 5c 24 08 57 48 83 ec 20 8b da 48 8b f9 e8 6c
0x00007fff6f63d911:   ff ff ff c1 eb 08 3b 5f 04 72 08 44 8d 43 01 44
0x00007fff6f63d921:   89 47 04 48 8b 4f 08 48 89 04 d9 48 8b 5c 24 30
0x00007fff6f63d931:   48 83 c4 20 5f c3 cc cc cc cc cc cc cc cc cc 48
0x00007fff6f63d941:   89 5c 24 08 48 89 6c 24 10 48 89 74 24 18 57 41
0x00007fff6f63d951:   56 41 57 48 83 ec 20 8b c2 48 8b f9 8b 15 55 20
0x00007fff6f63d961:   86 00 41 be 50 00 00 00 48 8d 34 c5 00 00 00 00
0x00007fff6f63d971:   48 8b 41 08 48 8b 1c 06 65 48 8b 04 25 58 00 00
0x00007fff6f63d981:   00 48 8b 2c d0 41 80 3c 2e 00 75 05 e8 ae fd 52
0x00007fff6f63d991:   00 41 bf 20 00 00 00 49 8b 04 2f 48 8b 88 d0 04
0x00007fff6f63d9a1:   00 00 48 8b 81 80 00 00 00 48 8b 88 d0 08 00 00
0x00007fff6f63d9b1:   48 89 0b 41 80 3c 2e 00 75 05 e8 80 fd 52 00 49
0x00007fff6f63d9c1:   8b 04 2f 48 8b 6c 24 48 48 8b 88 d0 04 00 00 48
0x00007fff6f63d9d1:   8b 81 80 00 00 00 48 8d 0d ea 37 82 00 48 89 98
0x00007fff6f63d9e1:   d0 08 00 00 48 8b 47 08 48 8b 5c 24 40 48 89 0c
0x00007fff6f63d9f1:   06 48 8b 74 24 50 48 83 c4 20 41 5f 41 5e 5f c3
0x00007fff6f63da01:   cc cc cc cc cc cc cc cc cc cc cc cc cc cc cc 48
0x00007fff6f63da11:   89 5c 24 18 57 48 83 ec 20 81 c2 ff 00 00 00 33
0x00007fff6f63da21:   db c1 ea 08 48 8b f9 48 89 19 89 91 90 00 00 00
0x00007fff6f63da31:   83 fa 10 77 09 48 83 c1 10 e9 a6 00 00 00 65 48
0x00007fff6f63da41:   8b 04 25 58 00 00 00 8b 0d 6a 1f 86 00 48 89 6c
0x00007fff6f63da51:   24 30 48 89 74 24 38 48 8b 34 c8 b8 50 00 00 00
0x00007fff6f63da61:   38 1c 30 75 0b e8 d5 fc 52 00 8b 97 90 00 00 00
0x00007fff6f63da71:   b8 20 00 00 00 8b ea 48 c1 e5 03 48 8b 04 30 48
0x00007fff6f63da81:   8b 88 d0 04 00 00 48 8b 81 80 00 00 00 48 8b b0
0x00007fff6f63da91:   c8 08 00 00 48 8b c5 48 f7 d0 48 8b 4e 18 48 3b
0x00007fff6f63daa1:   c1 73 16 4c 8d 05 8d 7a 5b 00 48 8b d5 48 8b ce 


Stack slot to memory mapping:
stack at sp + 0 slots: 0x0000000000001705 is an unknown value
stack at sp + 1 slots: 0x0000000101afb930 is pointing into the stack for thread: 0x000001f200d53440
stack at sp + 2 slots: 0x000001f2023784f0 points into unknown readable memory: 0x0000000000000000 | 00 00 00 00 00 00 00 00
stack at sp + 3 slots: 0x00000000000000ca is an unknown value
stack at sp + 4 slots: 0x000001f200ba5d90 points into unknown readable memory: 0x0000000000000000 | 00 00 00 00 00 00 00 00
stack at sp + 5 slots: 0x00000000000001d8 is an unknown value
stack at sp + 6 slots: 0x000001f2061c41c0 points into unknown readable memory: 0x0000001300000000 | 00 00 00 00 13 00 00 00
stack at sp + 7 slots: 0x00007fff6f83c216 jvm.dll


---------------  P R O C E S S  ---------------

Threads class SMR info:
_java_thread_list=0x000001f206093ac0, length=40, elements={
0x000001f1a59a7d50, 0x000001f200895270, 0x000001f200895d30, 0x000001f2008bd8e0,
0x000001f2008be2a0, 0x000001f2008c0c70, 0x000001f2008c1530, 0x000001f2008c2120,
0x000001f2008c2ad0, 0x000001f2008c68d0, 0x000001f200a5cb40, 0x000001f200a483d0,
0x000001f200cf5710, 0x000001f200d53440, 0x000001f201f25430, 0x000001f2036dd690,
0x000001f201d63fe0, 0x000001f201f1afe0, 0x000001f201f1bda0, 0x000001f2023c9820,
0x000001f20203f030, 0x000001f2020e6a80, 0x000001f2020e60e0, 0x000001f2020e3f30,
0x000001f2020e3590, 0x000001f2020e30c0, 0x000001f2020e5c10, 0x000001f2020e5740,
0x000001f2020e3a60, 0x000001f2020e65b0, 0x000001f2020e5270, 0x000001f2020e4400,
0x000001f2020e48d0, 0x000001f2020e4da0, 0x000001f2062ae890, 0x000001f2062b0f10,
0x000001f2062ada20, 0x000001f2062aa530, 0x000001f2062ac210, 0x000001f2062af700
}

Java Threads: ( => current thread )
  0x000001f1a59a7d50 JavaThread "main" [_thread_blocked, id=21904, stack(0x0000000100600000,0x0000000100700000)]
  0x000001f200895270 JavaThread "Reference Handler" daemon [_thread_blocked, id=16724, stack(0x0000000100d00000,0x0000000100e00000)]
  0x000001f200895d30 JavaThread "Finalizer" daemon [_thread_blocked, id=1348, stack(0x0000000100e00000,0x0000000100f00000)]
  0x000001f2008bd8e0 JavaThread "Signal Dispatcher" daemon [_thread_blocked, id=18352, stack(0x0000000100f00000,0x0000000101000000)]
  0x000001f2008be2a0 JavaThread "Attach Listener" daemon [_thread_blocked, id=24552, stack(0x0000000101000000,0x0000000101100000)]
  0x000001f2008c0c70 JavaThread "Service Thread" daemon [_thread_blocked, id=25016, stack(0x0000000101100000,0x0000000101200000)]
  0x000001f2008c1530 JavaThread "Monitor Deflation Thread" daemon [_thread_blocked, id=23012, stack(0x0000000101200000,0x0000000101300000)]
  0x000001f2008c2120 JavaThread "C2 CompilerThread0" daemon [_thread_blocked, id=5036, stack(0x0000000101300000,0x0000000101400000)]
  0x000001f2008c2ad0 JavaThread "C1 CompilerThread0" daemon [_thread_blocked, id=8840, stack(0x0000000101400000,0x0000000101500000)]
  0x000001f2008c68d0 JavaThread "Sweeper thread" daemon [_thread_blocked, id=9960, stack(0x0000000101500000,0x0000000101600000)]
  0x000001f200a5cb40 JavaThread "Common-Cleaner" daemon [_thread_blocked, id=12524, stack(0x0000000101600000,0x0000000101700000)]
  0x000001f200a483d0 JavaThread "Notification Thread" daemon [_thread_blocked, id=20592, stack(0x0000000101700000,0x0000000101800000)]
  0x000001f200cf5710 JavaThread "C2 CompilerThread1" daemon [_thread_in_native, id=24400, stack(0x0000000101900000,0x0000000101a00000)]
=>0x000001f200d53440 JavaThread "C2 CompilerThread2" daemon [_thread_in_native, id=18612, stack(0x0000000101a00000,0x0000000101b00000)]
  0x000001f201f25430 JavaThread "Daemon health stats" [_thread_blocked, id=23900, stack(0x0000000102000000,0x0000000102100000)]
  0x000001f2036dd690 JavaThread "Incoming local TCP Connector on port 62411" [_thread_in_native, id=19012, stack(0x0000000102100000,0x0000000102200000)]
  0x000001f201d63fe0 JavaThread "Daemon periodic checks" [_thread_blocked, id=17632, stack(0x0000000102200000,0x0000000102300000)]
  0x000001f201f1afe0 JavaThread "Daemon" [_thread_blocked, id=8524, stack(0x0000000102300000,0x0000000102400000)]
  0x000001f201f1bda0 JavaThread "Handler for socket connection from /127.0.0.1:62411 to /127.0.0.1:62412" [_thread_in_native, id=10156, stack(0x0000000102400000,0x0000000102500000)]
  0x000001f2023c9820 JavaThread "Cancel handler" [_thread_blocked, id=18796, stack(0x0000000102500000,0x0000000102600000)]
  0x000001f20203f030 JavaThread "Daemon worker" [_thread_in_vm, id=1436, stack(0x0000000102600000,0x0000000102700000)]
  0x000001f2020e6a80 JavaThread "Asynchronous log dispatcher for DefaultDaemonConnection: socket connection from /127.0.0.1:62411 to /127.0.0.1:62412" [_thread_blocked, id=19212, stack(0x0000000102700000,0x0000000102800000)]
  0x000001f2020e60e0 JavaThread "Stdin handler" [_thread_blocked, id=6456, stack(0x0000000102800000,0x0000000102900000)]
  0x000001f2020e3f30 JavaThread "Daemon client event forwarder" [_thread_blocked, id=13176, stack(0x0000000102900000,0x0000000102a00000)]
  0x000001f2020e3590 JavaThread "Cache worker for journal cache (C:\Users\ASUS\.gradle\caches\journal-1)" [_thread_blocked, id=22792, stack(0x0000000103000000,0x0000000103100000)]
  0x000001f2020e30c0 JavaThread "File lock request listener" [_thread_in_native, id=5940, stack(0x0000000103100000,0x0000000103200000)]
  0x000001f2020e5c10 JavaThread "Cache worker for file hash cache (C:\Users\ASUS\.gradle\caches\8.0\fileHashes)" [_thread_blocked, id=2960, stack(0x0000000103200000,0x0000000103300000)]
  0x000001f2020e5740 JavaThread "File watcher server" daemon [_thread_in_native, id=17600, stack(0x0000000103300000,0x0000000103400000)]
  0x000001f2020e3a60 JavaThread "File watcher consumer" daemon [_thread_blocked, id=23624, stack(0x0000000103400000,0x0000000103500000)]
  0x000001f2020e65b0 JavaThread "Cache worker for checksums cache (D:\Project\Quranku\.gradle\8.0\checksums)" [_thread_blocked, id=8992, stack(0x0000000103500000,0x0000000103600000)]
  0x000001f2020e5270 JavaThread "Cache worker for cache directory md-rule (C:\Users\ASUS\.gradle\caches\8.0\md-rule)" [_thread_blocked, id=18808, stack(0x0000000103600000,0x0000000103700000)]
  0x000001f2020e4400 JavaThread "Cache worker for file content cache (C:\Users\ASUS\.gradle\caches\8.0\fileContent)" [_thread_blocked, id=18316, stack(0x0000000103700000,0x0000000103800000)]
  0x000001f2020e48d0 JavaThread "Cache worker for file hash cache (D:\Project\Quranku\.gradle\8.0\fileHashes)" [_thread_blocked, id=21068, stack(0x0000000103800000,0x0000000103900000)]
  0x000001f2020e4da0 JavaThread "Cache worker for cache directory md-supplier (C:\Users\ASUS\.gradle\caches\8.0\md-supplier)" [_thread_blocked, id=4320, stack(0x0000000103900000,0x0000000103a00000)]
  0x000001f2062ae890 JavaThread "Cache worker for execution history cache (C:\Users\ASUS\.gradle\caches\8.0\executionHistory)" [_thread_blocked, id=4580, stack(0x0000000103a00000,0x0000000103b00000)]
  0x000001f2062b0f10 JavaThread "jar transforms" [_thread_blocked, id=18864, stack(0x0000000103b00000,0x0000000103c00000)]
  0x000001f2062ada20 JavaThread "jar transforms Thread 2" [_thread_blocked, id=3868, stack(0x0000000103c00000,0x0000000103d00000)]
  0x000001f2062aa530 JavaThread "jar transforms Thread 3" [_thread_blocked, id=11492, stack(0x0000000103f00000,0x0000000104000000)]
  0x000001f2062ac210 JavaThread "jar transforms Thread 4" [_thread_blocked, id=5720, stack(0x0000000104000000,0x0000000104100000)]
  0x000001f2062af700 JavaThread "Cache worker for dependencies-accessors (D:\Project\Quranku\.gradle\8.0\dependencies-accessors)" [_thread_blocked, id=5476, stack(0x0000000104100000,0x0000000104200000)]

Other Threads:
  0x000001f200873210 VMThread "VM Thread" [stack: 0x0000000100c00000,0x0000000100d00000] [id=3804]
  0x000001f1a5a225d0 WatcherThread [stack: 0x0000000101800000,0x0000000101900000] [id=17608]
  0x000001f1a5a04440 GCTaskThread "GC Thread#0" [stack: 0x0000000100700000,0x0000000100800000] [id=19824]
  0x000001f201841d30 GCTaskThread "GC Thread#1" [stack: 0x0000000101b00000,0x0000000101c00000] [id=7800]
  0x000001f201a49020 GCTaskThread "GC Thread#2" [stack: 0x0000000101c00000,0x0000000101d00000] [id=17436]
  0x000001f201a492d0 GCTaskThread "GC Thread#3" [stack: 0x0000000101d00000,0x0000000101e00000] [id=14820]
  0x000001f200f2e080 GCTaskThread "GC Thread#4" [stack: 0x0000000101e00000,0x0000000101f00000] [id=11336]
  0x000001f200de5910 GCTaskThread "GC Thread#5" [stack: 0x0000000101f00000,0x0000000102000000] [id=9828]
  0x000001f202db0770 GCTaskThread "GC Thread#6" [stack: 0x0000000102a00000,0x0000000102b00000] [id=12448]
  0x000001f202db0a20 GCTaskThread "GC Thread#7" [stack: 0x0000000102b00000,0x0000000102c00000] [id=1372]
  0x000001f202dafa00 GCTaskThread "GC Thread#8" [stack: 0x0000000102c00000,0x0000000102d00000] [id=17696]
  0x000001f202daef40 GCTaskThread "GC Thread#9" [stack: 0x0000000102d00000,0x0000000102e00000] [id=19068]
  0x000001f1a5a15290 ConcurrentGCThread "G1 Main Marker" [stack: 0x0000000100800000,0x0000000100900000] [id=15948]
  0x000001f1a5a15d10 ConcurrentGCThread "G1 Conc#0" [stack: 0x0000000100900000,0x0000000100a00000] [id=18184]
  0x000001f202daf1f0 ConcurrentGCThread "G1 Conc#1" [stack: 0x0000000102e00000,0x0000000102f00000] [id=25204]
  0x000001f202daff60 ConcurrentGCThread "G1 Conc#2" [stack: 0x0000000102f00000,0x0000000103000000] [id=24900]
  0x000001f1bf918bf0 ConcurrentGCThread "G1 Refine#0" [stack: 0x0000000100a00000,0x0000000100b00000] [id=16588]
  0x000001f2042d0ce0 ConcurrentGCThread "G1 Refine#1" [stack: 0x0000000103e00000,0x0000000103f00000] [id=15964]
  0x000001f1bf91b3e0 ConcurrentGCThread "G1 Service" [stack: 0x0000000100b00000,0x0000000100c00000] [id=18652]

Threads with active compile tasks:
C2 CompilerThread1     3891 3922       4       java.lang.ClassLoader::defineClass (43 bytes)
C2 CompilerThread2     3891 3745       4       org.objectweb.asm.Frame::execute (2318 bytes)

VM state: not at safepoint (normal execution)

VM Mutex/Monitor currently owned by a thread: None

Heap address: 0x0000000080000000, size: 2048 MB, Compressed Oops mode: 32-bit

CDS archive(s) not mapped
Compressed class space mapped at: 0x000001f1c0000000-0x000001f200000000, reserved size: 1073741824
Narrow klass base: 0x000001f1c0000000, Narrow klass shift: 0, Narrow klass range: 0x40000000

GC Precious Log:
 CPUs: 12 total, 12 available
 Memory: 16234M
 Large Page Support: Disabled
 NUMA Support: Disabled
 Compressed Oops: Enabled (32-bit)
 Heap Region Size: 1M
 Heap Min Capacity: 8M
 Heap Initial Capacity: 254M
 Heap Max Capacity: 2G
 Pre-touch: Disabled
 Parallel Workers: 10
 Concurrent Workers: 3
 Concurrent Refinement Workers: 10
 Periodic GC: Disabled

Heap:
 garbage-first heap   total 97280K, used 48999K [0x0000000080000000, 0x0000000100000000)
  region size 1024K, 22 young (22528K), 3 survivors (3072K)
 Metaspace       used 44561K, committed 44992K, reserved 1089536K
  class space    used 5898K, committed 6080K, reserved 1048576K

Heap Regions: E=young(eden), S=young(survivor), O=old, HS=humongous(starts), HC=humongous(continues), CS=collection set, F=free, OA=open archive, CA=closed archive, TAMS=top-at-mark-start (previous, next)
|   0|0x0000000080000000, 0x0000000080100000, 0x0000000080100000|100%|HS|  |TAMS 0x0000000080100000, 0x0000000080000000| Complete 
|   1|0x0000000080100000, 0x0000000080200000, 0x0000000080200000|100%|HC|  |TAMS 0x0000000080200000, 0x0000000080100000| Complete 
|   2|0x0000000080200000, 0x0000000080300000, 0x0000000080300000|100%|HC|  |TAMS 0x0000000080300000, 0x0000000080200000| Complete 
|   3|0x0000000080300000, 0x0000000080400000, 0x0000000080400000|100%|HC|  |TAMS 0x0000000080400000, 0x0000000080300000| Complete 
|   4|0x0000000080400000, 0x0000000080500000, 0x0000000080500000|100%| O|  |TAMS 0x0000000080500000, 0x0000000080400000| Untracked 
|   5|0x0000000080500000, 0x0000000080600000, 0x0000000080600000|100%| O|  |TAMS 0x0000000080600000, 0x0000000080500000| Untracked 
|   6|0x0000000080600000, 0x0000000080700000, 0x0000000080700000|100%| O|  |TAMS 0x0000000080700000, 0x0000000080600000| Untracked 
|   7|0x0000000080700000, 0x0000000080800000, 0x0000000080800000|100%| O|  |TAMS 0x0000000080800000, 0x0000000080700000| Untracked 
|   8|0x0000000080800000, 0x0000000080900000, 0x0000000080900000|100%| O|  |TAMS 0x0000000080900000, 0x0000000080800000| Untracked 
|   9|0x0000000080900000, 0x0000000080a00000, 0x0000000080a00000|100%| O|  |TAMS 0x0000000080a00000, 0x0000000080900000| Untracked 
|  10|0x0000000080a00000, 0x0000000080b00000, 0x0000000080b00000|100%| O|  |TAMS 0x0000000080b00000, 0x0000000080a00000| Untracked 
|  11|0x0000000080b00000, 0x0000000080b55a00, 0x0000000080c00000| 33%| O|  |TAMS 0x0000000080b55a00, 0x0000000080b00000| Untracked 
|  12|0x0000000080c00000, 0x0000000080d00000, 0x0000000080d00000|100%| O|  |TAMS 0x0000000080d00000, 0x0000000080c00000| Untracked 
|  13|0x0000000080d00000, 0x0000000080e00000, 0x0000000080e00000|100%| O|  |TAMS 0x0000000080e00000, 0x0000000080d00000| Untracked 
|  14|0x0000000080e00000, 0x0000000080f00000, 0x0000000080f00000|100%| O|  |TAMS 0x0000000080f00000, 0x0000000080e00000| Untracked 
|  15|0x0000000080f00000, 0x0000000081000000, 0x0000000081000000|100%| O|  |TAMS 0x0000000081000000, 0x0000000080f00000| Untracked 
|  16|0x0000000081000000, 0x0000000081100000, 0x0000000081100000|100%| O|  |TAMS 0x0000000081100000, 0x0000000081000000| Untracked 
|  17|0x0000000081100000, 0x0000000081200000, 0x0000000081200000|100%| O|  |TAMS 0x0000000081200000, 0x0000000081100000| Untracked 
|  18|0x0000000081200000, 0x0000000081300000, 0x0000000081300000|100%| O|  |TAMS 0x000000008128e000, 0x0000000081200000| Untracked 
|  19|0x0000000081300000, 0x0000000081400000, 0x0000000081400000|100%| O|  |TAMS 0x0000000081300000, 0x0000000081300000| Untracked 
|  20|0x0000000081400000, 0x0000000081500000, 0x0000000081500000|100%| O|  |TAMS 0x0000000081400000, 0x0000000081400000| Untracked 
|  21|0x0000000081500000, 0x0000000081600000, 0x0000000081600000|100%| O|  |TAMS 0x0000000081500000, 0x0000000081500000| Untracked 
|  22|0x0000000081600000, 0x0000000081700000, 0x0000000081700000|100%| O|  |TAMS 0x0000000081600000, 0x0000000081600000| Untracked 
|  23|0x0000000081700000, 0x0000000081800000, 0x0000000081800000|100%| O|  |TAMS 0x0000000081700000, 0x0000000081700000| Untracked 
|  24|0x0000000081800000, 0x0000000081900000, 0x0000000081900000|100%| O|  |TAMS 0x0000000081800000, 0x0000000081800000| Untracked 
|  25|0x0000000081900000, 0x0000000081900000, 0x0000000081a00000|  0%| F|  |TAMS 0x0000000081900000, 0x0000000081900000| Untracked 
|  26|0x0000000081a00000, 0x0000000081a00000, 0x0000000081b00000|  0%| F|  |TAMS 0x0000000081a00000, 0x0000000081a00000| Untracked 
|  27|0x0000000081b00000, 0x0000000081b00000, 0x0000000081c00000|  0%| F|  |TAMS 0x0000000081b00000, 0x0000000081b00000| Untracked 
|  28|0x0000000081c00000, 0x0000000081d00000, 0x0000000081d00000|100%| O|  |TAMS 0x0000000081c00000, 0x0000000081c00000| Untracked 
|  29|0x0000000081d00000, 0x0000000081e00000, 0x0000000081e00000|100%| O|  |TAMS 0x0000000081d00000, 0x0000000081d00000| Untracked 
|  30|0x0000000081e00000, 0x0000000081e84200, 0x0000000081f00000| 51%| O|  |TAMS 0x0000000081e00000, 0x0000000081e00000| Untracked 
|  31|0x0000000081f00000, 0x0000000081f00000, 0x0000000082000000|  0%| F|  |TAMS 0x0000000081f00000, 0x0000000081f00000| Untracked 
|  32|0x0000000082000000, 0x0000000082000000, 0x0000000082100000|  0%| F|  |TAMS 0x0000000082000000, 0x0000000082000000| Untracked 
|  33|0x0000000082100000, 0x0000000082100000, 0x0000000082200000|  0%| F|  |TAMS 0x0000000082100000, 0x0000000082100000| Untracked 
|  34|0x0000000082200000, 0x0000000082200000, 0x0000000082300000|  0%| F|  |TAMS 0x0000000082200000, 0x0000000082200000| Untracked 
|  35|0x0000000082300000, 0x0000000082300000, 0x0000000082400000|  0%| F|  |TAMS 0x0000000082300000, 0x0000000082300000| Untracked 
|  36|0x0000000082400000, 0x0000000082400000, 0x0000000082500000|  0%| F|  |TAMS 0x0000000082400000, 0x0000000082400000| Untracked 
|  37|0x0000000082500000, 0x0000000082500000, 0x0000000082600000|  0%| F|  |TAMS 0x0000000082500000, 0x0000000082500000| Untracked 
|  38|0x0000000082600000, 0x0000000082600000, 0x0000000082700000|  0%| F|  |TAMS 0x0000000082600000, 0x0000000082600000| Untracked 
|  39|0x0000000082700000, 0x0000000082700000, 0x0000000082800000|  0%| F|  |TAMS 0x0000000082700000, 0x0000000082700000| Untracked 
|  40|0x0000000082800000, 0x0000000082800000, 0x0000000082900000|  0%| F|  |TAMS 0x0000000082800000, 0x0000000082800000| Untracked 
|  41|0x0000000082900000, 0x0000000082900000, 0x0000000082a00000|  0%| F|  |TAMS 0x0000000082900000, 0x0000000082900000| Untracked 
|  42|0x0000000082a00000, 0x0000000082a00000, 0x0000000082b00000|  0%| F|  |TAMS 0x0000000082a00000, 0x0000000082a00000| Untracked 
|  43|0x0000000082b00000, 0x0000000082c00000, 0x0000000082c00000|100%| S|CS|TAMS 0x0000000082b00000, 0x0000000082b00000| Complete 
|  44|0x0000000082c00000, 0x0000000082d00000, 0x0000000082d00000|100%| S|CS|TAMS 0x0000000082c00000, 0x0000000082c00000| Complete 
|  45|0x0000000082d00000, 0x0000000082e00000, 0x0000000082e00000|100%| S|CS|TAMS 0x0000000082d00000, 0x0000000082d00000| Complete 
|  46|0x0000000082e00000, 0x0000000082e00000, 0x0000000082f00000|  0%| F|  |TAMS 0x0000000082e00000, 0x0000000082e00000| Untracked 
|  47|0x0000000082f00000, 0x0000000082f00000, 0x0000000083000000|  0%| F|  |TAMS 0x0000000082f00000, 0x0000000082f00000| Untracked 
|  48|0x0000000083000000, 0x0000000083000000, 0x0000000083100000|  0%| F|  |TAMS 0x0000000083000000, 0x0000000083000000| Untracked 
|  49|0x0000000083100000, 0x0000000083100000, 0x0000000083200000|  0%| F|  |TAMS 0x0000000083100000, 0x0000000083100000| Untracked 
|  50|0x0000000083200000, 0x0000000083200000, 0x0000000083300000|  0%| F|  |TAMS 0x0000000083200000, 0x0000000083200000| Untracked 
|  51|0x0000000083300000, 0x0000000083300000, 0x0000000083400000|  0%| F|  |TAMS 0x0000000083300000, 0x0000000083300000| Untracked 
|  52|0x0000000083400000, 0x0000000083400000, 0x0000000083500000|  0%| F|  |TAMS 0x0000000083400000, 0x0000000083400000| Untracked 
|  53|0x0000000083500000, 0x0000000083500000, 0x0000000083600000|  0%| F|  |TAMS 0x0000000083500000, 0x0000000083500000| Untracked 
|  54|0x0000000083600000, 0x0000000083600000, 0x0000000083700000|  0%| F|  |TAMS 0x0000000083600000, 0x0000000083600000| Untracked 
|  55|0x0000000083700000, 0x0000000083700000, 0x0000000083800000|  0%| F|  |TAMS 0x0000000083700000, 0x0000000083700000| Untracked 
|  56|0x0000000083800000, 0x0000000083800000, 0x0000000083900000|  0%| F|  |TAMS 0x0000000083800000, 0x0000000083800000| Untracked 
|  57|0x0000000083900000, 0x0000000083900000, 0x0000000083a00000|  0%| F|  |TAMS 0x0000000083900000, 0x0000000083900000| Untracked 
|  58|0x0000000083a00000, 0x0000000083a00000, 0x0000000083b00000|  0%| F|  |TAMS 0x0000000083a00000, 0x0000000083a00000| Untracked 
|  59|0x0000000083b00000, 0x0000000083b00000, 0x0000000083c00000|  0%| F|  |TAMS 0x0000000083b00000, 0x0000000083b00000| Untracked 
|  60|0x0000000083c00000, 0x0000000083c00000, 0x0000000083d00000|  0%| F|  |TAMS 0x0000000083c00000, 0x0000000083c00000| Untracked 
|  61|0x0000000083d00000, 0x0000000083d00000, 0x0000000083e00000|  0%| F|  |TAMS 0x0000000083d00000, 0x0000000083d00000| Untracked 
|  62|0x0000000083e00000, 0x0000000083e00000, 0x0000000083f00000|  0%| F|  |TAMS 0x0000000083e00000, 0x0000000083e00000| Untracked 
|  63|0x0000000083f00000, 0x0000000083f00000, 0x0000000084000000|  0%| F|  |TAMS 0x0000000083f00000, 0x0000000083f00000| Untracked 
|  64|0x0000000084000000, 0x0000000084000000, 0x0000000084100000|  0%| F|  |TAMS 0x0000000084000000, 0x0000000084000000| Untracked 
|  65|0x0000000084100000, 0x0000000084100000, 0x0000000084200000|  0%| F|  |TAMS 0x0000000084100000, 0x0000000084100000| Untracked 
|  66|0x0000000084200000, 0x0000000084200000, 0x0000000084300000|  0%| F|  |TAMS 0x0000000084200000, 0x0000000084200000| Untracked 
|  67|0x0000000084300000, 0x0000000084300000, 0x0000000084400000|  0%| F|  |TAMS 0x0000000084300000, 0x0000000084300000| Untracked 
|  68|0x0000000084400000, 0x0000000084400000, 0x0000000084500000|  0%| F|  |TAMS 0x0000000084400000, 0x0000000084400000| Untracked 
|  69|0x0000000084500000, 0x0000000084500000, 0x0000000084600000|  0%| F|  |TAMS 0x0000000084500000, 0x0000000084500000| Untracked 
|  70|0x0000000084600000, 0x0000000084600000, 0x0000000084700000|  0%| F|  |TAMS 0x0000000084600000, 0x0000000084600000| Untracked 
|  71|0x0000000084700000, 0x0000000084700000, 0x0000000084800000|  0%| F|  |TAMS 0x0000000084700000, 0x0000000084700000| Untracked 
|  72|0x0000000084800000, 0x0000000084800000, 0x0000000084900000|  0%| F|  |TAMS 0x0000000084800000, 0x0000000084800000| Untracked 
|  73|0x0000000084900000, 0x0000000084900000, 0x0000000084a00000|  0%| F|  |TAMS 0x0000000084900000, 0x0000000084900000| Untracked 
|  74|0x0000000084a00000, 0x0000000084a00000, 0x0000000084b00000|  0%| F|  |TAMS 0x0000000084a00000, 0x0000000084a00000| Untracked 
|  75|0x0000000084b00000, 0x0000000084b00000, 0x0000000084c00000|  0%| F|  |TAMS 0x0000000084b00000, 0x0000000084b00000| Untracked 
|  76|0x0000000084c00000, 0x0000000084c80c10, 0x0000000084d00000| 50%| E|  |TAMS 0x0000000084c00000, 0x0000000084c00000| Complete 
|  77|0x0000000084d00000, 0x0000000084e00000, 0x0000000084e00000|100%| E|CS|TAMS 0x0000000084d00000, 0x0000000084d00000| Complete 
|  78|0x0000000084e00000, 0x0000000084f00000, 0x0000000084f00000|100%| E|CS|TAMS 0x0000000084e00000, 0x0000000084e00000| Complete 
|  79|0x0000000084f00000, 0x0000000085000000, 0x0000000085000000|100%| E|CS|TAMS 0x0000000084f00000, 0x0000000084f00000| Complete 
|  80|0x0000000085000000, 0x0000000085100000, 0x0000000085100000|100%| E|CS|TAMS 0x0000000085000000, 0x0000000085000000| Complete 
|  81|0x0000000085100000, 0x0000000085200000, 0x0000000085200000|100%| E|CS|TAMS 0x0000000085100000, 0x0000000085100000| Complete 
|  82|0x0000000085200000, 0x0000000085300000, 0x0000000085300000|100%| E|CS|TAMS 0x0000000085200000, 0x0000000085200000| Complete 
|  83|0x0000000085300000, 0x0000000085400000, 0x0000000085400000|100%| E|CS|TAMS 0x0000000085300000, 0x0000000085300000| Complete 
|  84|0x0000000085400000, 0x0000000085500000, 0x0000000085500000|100%| E|CS|TAMS 0x0000000085400000, 0x0000000085400000| Complete 
| 204|0x000000008cc00000, 0x000000008cd00000, 0x000000008cd00000|100%| E|CS|TAMS 0x000000008cc00000, 0x000000008cc00000| Complete 
| 205|0x000000008cd00000, 0x000000008ce00000, 0x000000008ce00000|100%| E|CS|TAMS 0x000000008cd00000, 0x000000008cd00000| Complete 
| 206|0x000000008ce00000, 0x000000008cf00000, 0x000000008cf00000|100%| E|CS|TAMS 0x000000008ce00000, 0x000000008ce00000| Complete 
| 207|0x000000008cf00000, 0x000000008d000000, 0x000000008d000000|100%| E|CS|TAMS 0x000000008cf00000, 0x000000008cf00000| Complete 
| 208|0x000000008d000000, 0x000000008d100000, 0x000000008d100000|100%| E|CS|TAMS 0x000000008d000000, 0x000000008d000000| Complete 
| 209|0x000000008d100000, 0x000000008d200000, 0x000000008d200000|100%| E|CS|TAMS 0x000000008d100000, 0x000000008d100000| Complete 
| 210|0x000000008d200000, 0x000000008d300000, 0x000000008d300000|100%| E|CS|TAMS 0x000000008d200000, 0x000000008d200000| Complete 
| 211|0x000000008d300000, 0x000000008d400000, 0x000000008d400000|100%| E|CS|TAMS 0x000000008d300000, 0x000000008d300000| Complete 
| 212|0x000000008d400000, 0x000000008d500000, 0x000000008d500000|100%| E|CS|TAMS 0x000000008d400000, 0x000000008d400000| Complete 
| 253|0x000000008fd00000, 0x000000008fe00000, 0x000000008fe00000|100%| E|CS|TAMS 0x000000008fd00000, 0x000000008fd00000| Complete 

Card table byte_map: [0x000001f1b87c0000,0x000001f1b8bc0000] _byte_map_base: 0x000001f1b83c0000

Marking Bits (Prev, Next): (CMBitMap*) 0x000001f1a5a04960, (CMBitMap*) 0x000001f1a5a049a0
 Prev Bits: [0x000001f1b8fc0000, 0x000001f1bafc0000)
 Next Bits: [0x000001f1bafc0000, 0x000001f1bcfc0000)

Polling page: 0x000001f1a3950000

Metaspace:

Usage:
  Non-class:     37.77 MB used.
      Class:      5.76 MB used.
       Both:     43.53 MB used.

Virtual space:
  Non-class space:       40.00 MB reserved,      38.00 MB ( 95%) committed,  5 nodes.
      Class space:        1.00 GB reserved,       5.94 MB ( <1%) committed,  1 nodes.
             Both:        1.04 GB reserved,      43.94 MB (  4%) committed. 

Chunk freelists:
   Non-Class:  1.52 MB
       Class:  2.02 MB
        Both:  3.53 MB

MaxMetaspaceSize: unlimited
CompressedClassSpaceSize: 1.00 GB
Initial GC threshold: 21.00 MB
Current GC threshold: 58.75 MB
CDS: off
MetaspaceReclaimPolicy: balanced
 - commit_granule_bytes: 65536.
 - commit_granule_words: 8192.
 - virtual_space_node_default_size: 1048576.
 - enlarge_chunks_in_place: 1.
 - new_chunks_are_fully_committed: 0.
 - uncommit_free_chunks: 1.
 - use_allocation_guard: 0.
 - handle_deallocations: 1.


Internal statistics:

num_allocs_failed_limit: 6.
num_arena_births: 356.
num_arena_deaths: 0.
num_vsnodes_births: 6.
num_vsnodes_deaths: 0.
num_space_committed: 703.
num_space_uncommitted: 0.
num_chunks_returned_to_freelist: 6.
num_chunks_taken_from_freelist: 1657.
num_chunk_merges: 3.
num_chunk_splits: 1099.
num_chunks_enlarged: 774.
num_purges: 0.
num_inconsistent_stats: 0.

CodeHeap 'non-profiled nmethods': size=120000Kb used=2392Kb max_used=2392Kb free=117607Kb
 bounds [0x000001f1b0940000, 0x000001f1b0bb0000, 0x000001f1b7e70000]
CodeHeap 'profiled nmethods': size=120000Kb used=8089Kb max_used=8089Kb free=111910Kb
 bounds [0x000001f1a8e70000, 0x000001f1a9660000, 0x000001f1b03a0000]
CodeHeap 'non-nmethods': size=5760Kb used=2287Kb max_used=2353Kb free=3472Kb
 bounds [0x000001f1b03a0000, 0x000001f1b0610000, 0x000001f1b0940000]
 total_blobs=4714 nmethods=3921 adapters=705
 compilation: enabled
              stopped_count=0, restarted_count=0
 full_count=0

Compilation events (20 events):
Event: 3.781 Thread 0x000001f2008c2ad0 3848       3       org.gradle.model.internal.asm.MethodVisitorScope::emit (11 bytes)
Event: 3.781 Thread 0x000001f2008c2ad0 nmethod 3848 0x000001f1a9616b90 code [0x000001f1a9616d40, 0x000001f1a9616f28]
Event: 3.781 Thread 0x000001f2008c2ad0 3845       1       com.google.common.collect.LinkedHashMultimap$ValueEntry::setSuccessorInValueSet (6 bytes)
Event: 3.781 Thread 0x000001f2008c2ad0 nmethod 3845 0x000001f1b0b7bc10 code [0x000001f1b0b7bda0, 0x000001f1b0b7beb8]
Event: 3.782 Thread 0x000001f2008c2ad0 3846       1       com.google.common.collect.LinkedHashMultimap$ValueEntry::setPredecessorInValueSet (6 bytes)
Event: 3.782 Thread 0x000001f2008c2ad0 nmethod 3846 0x000001f1b0b7bf10 code [0x000001f1b0b7c0a0, 0x000001f1b0b7c1b8]
Event: 3.782 Thread 0x000001f2008c2ad0 3847       1       com.google.common.collect.LinkedHashMultimap$ValueSet::setPredecessorInValueSet (6 bytes)
Event: 3.782 Thread 0x000001f2008c2ad0 nmethod 3847 0x000001f1b0b7c210 code [0x000001f1b0b7c3a0, 0x000001f1b0b7c4b8]
Event: 3.782 Thread 0x000001f2008c2ad0 3850   !   3       java.lang.Class::desiredAssertionStatus (54 bytes)
Event: 3.783 Thread 0x000001f2008c2ad0 nmethod 3850 0x000001f1a9617010 code [0x000001f1a9617200, 0x000001f1a9617738]
Event: 3.786 Thread 0x000001f2008c2ad0 3852       3       sun.invoke.util.VerifyAccess::isModuleAccessible (97 bytes)
Event: 3.786 Thread 0x000001f2008c2ad0 nmethod 3852 0x000001f1a9617910 code [0x000001f1a9617be0, 0x000001f1a96188e8]
Event: 3.786 Thread 0x000001f2008c2ad0 3853       3       org.gradle.internal.service.DefaultServiceRegistry$InstanceUnpackingVisitor::visit (39 bytes)
Event: 3.786 Thread 0x000001f2008c2ad0 nmethod 3853 0x000001f1a9618d90 code [0x000001f1a9618f80, 0x000001f1a9619568]
Event: 3.812 Thread 0x000001f2008c2ad0 3854       3       sun.reflect.generics.parser.SignatureParser::parseMethodTypeSignature (41 bytes)
Event: 3.813 Thread 0x000001f2008c2ad0 nmethod 3854 0x000001f1a9619790 code [0x000001f1a96199c0, 0x000001f1a9619ef8]
Event: 3.813 Thread 0x000001f2008c2ad0 3855       3       sun.reflect.generics.repository.ConstructorRepository::computeParameterTypes (62 bytes)
Event: 3.813 Thread 0x000001f2008c2ad0 nmethod 3855 0x000001f1a961a110 code [0x000001f1a961a320, 0x000001f1a961ad48]
Event: 3.814 Thread 0x000001f2008c2ad0 3856       3       java.util.concurrent.ConcurrentLinkedQueue::poll (84 bytes)
Event: 3.817 Thread 0x000001f2008c2ad0 nmethod 3856 0x000001f1a961b090 code [0x000001f1a961b740, 0x000001f1a961f3a8]

GC Heap History (16 events):
Event: 0.637 GC heap before
{Heap before GC invocations=0 (full 0):
 garbage-first heap   total 260096K, used 26624K [0x0000000080000000, 0x0000000100000000)
  region size 1024K, 23 young (23552K), 0 survivors (0K)
 Metaspace       used 10227K, committed 10432K, reserved 1064960K
  class space    used 1058K, committed 1152K, reserved 1048576K
}
Event: 0.640 GC heap after
{Heap after GC invocations=1 (full 0):
 garbage-first heap   total 260096K, used 10002K [0x0000000080000000, 0x0000000100000000)
  region size 1024K, 3 young (3072K), 3 survivors (3072K)
 Metaspace       used 10227K, committed 10432K, reserved 1064960K
  class space    used 1058K, committed 1152K, reserved 1048576K
}
Event: 0.936 GC heap before
{Heap before GC invocations=1 (full 0):
 garbage-first heap   total 260096K, used 40722K [0x0000000080000000, 0x0000000100000000)
  region size 1024K, 32 young (32768K), 3 survivors (3072K)
 Metaspace       used 11166K, committed 11392K, reserved 1064960K
  class space    used 1161K, committed 1280K, reserved 1048576K
}
Event: 0.939 GC heap after
{Heap after GC invocations=2 (full 0):
 garbage-first heap   total 260096K, used 14678K [0x0000000080000000, 0x0000000100000000)
  region size 1024K, 4 young (4096K), 4 survivors (4096K)
 Metaspace       used 11166K, committed 11392K, reserved 1064960K
  class space    used 1161K, committed 1280K, reserved 1048576K
}
Event: 1.676 GC heap before
{Heap before GC invocations=2 (full 0):
 garbage-first heap   total 260096K, used 51542K [0x0000000080000000, 0x0000000100000000)
  region size 1024K, 41 young (41984K), 4 survivors (4096K)
 Metaspace       used 21282K, committed 21504K, reserved 1073152K
  class space    used 2603K, committed 2688K, reserved 1048576K
}
Event: 1.681 GC heap after
{Heap after GC invocations=3 (full 0):
 garbage-first heap   total 260096K, used 18832K [0x0000000080000000, 0x0000000100000000)
  region size 1024K, 9 young (9216K), 9 survivors (9216K)
 Metaspace       used 21282K, committed 21504K, reserved 1073152K
  class space    used 2603K, committed 2688K, reserved 1048576K
}
Event: 2.183 GC heap before
{Heap before GC invocations=4 (full 0):
 garbage-first heap   total 71680K, used 52624K [0x0000000080000000, 0x0000000100000000)
  region size 1024K, 42 young (43008K), 9 survivors (9216K)
 Metaspace       used 26452K, committed 26752K, reserved 1073152K
  class space    used 3500K, committed 3648K, reserved 1048576K
}
Event: 2.191 GC heap after
{Heap after GC invocations=5 (full 0):
 garbage-first heap   total 71680K, used 20729K [0x0000000080000000, 0x0000000100000000)
  region size 1024K, 3 young (3072K), 3 survivors (3072K)
 Metaspace       used 26452K, committed 26752K, reserved 1073152K
  class space    used 3500K, committed 3648K, reserved 1048576K
}
Event: 2.579 GC heap before
{Heap before GC invocations=5 (full 0):
 garbage-first heap   total 71680K, used 47353K [0x0000000080000000, 0x0000000100000000)
  region size 1024K, 30 young (30720K), 3 survivors (3072K)
 Metaspace       used 30660K, committed 30976K, reserved 1081344K
  class space    used 4190K, committed 4352K, reserved 1048576K
}
Event: 2.581 GC heap after
{Heap after GC invocations=6 (full 0):
 garbage-first heap   total 71680K, used 21995K [0x0000000080000000, 0x0000000100000000)
  region size 1024K, 4 young (4096K), 4 survivors (4096K)
 Metaspace       used 30660K, committed 30976K, reserved 1081344K
  class space    used 4190K, committed 4352K, reserved 1048576K
}
Event: 3.057 GC heap before
{Heap before GC invocations=6 (full 0):
 garbage-first heap   total 71680K, used 47595K [0x0000000080000000, 0x0000000100000000)
  region size 1024K, 31 young (31744K), 4 survivors (4096K)
 Metaspace       used 35666K, committed 35968K, reserved 1081344K
  class space    used 4894K, committed 5056K, reserved 1048576K
}
Event: 3.061 GC heap after
{Heap after GC invocations=7 (full 0):
 garbage-first heap   total 71680K, used 24224K [0x0000000080000000, 0x0000000100000000)
  region size 1024K, 4 young (4096K), 4 survivors (4096K)
 Metaspace       used 35666K, committed 35968K, reserved 1081344K
  class space    used 4894K, committed 5056K, reserved 1048576K
}
Event: 3.346 GC heap before
{Heap before GC invocations=8 (full 0):
 garbage-first heap   total 71680K, used 51872K [0x0000000080000000, 0x0000000100000000)
  region size 1024K, 32 young (32768K), 4 survivors (4096K)
 Metaspace       used 40300K, committed 40640K, reserved 1089536K
  class space    used 5353K, committed 5504K, reserved 1048576K
}
Event: 3.351 GC heap after
{Heap after GC invocations=9 (full 0):
 garbage-first heap   total 71680K, used 28554K [0x0000000080000000, 0x0000000100000000)
  region size 1024K, 4 young (4096K), 4 survivors (4096K)
 Metaspace       used 40300K, committed 40640K, reserved 1089536K
  class space    used 5353K, committed 5504K, reserved 1048576K
}
Event: 3.623 GC heap before
{Heap before GC invocations=9 (full 0):
 garbage-first heap   total 71680K, used 55178K [0x0000000080000000, 0x0000000100000000)
  region size 1024K, 28 young (28672K), 4 survivors (4096K)
 Metaspace       used 42495K, committed 42880K, reserved 1089536K
  class space    used 5568K, committed 5696K, reserved 1048576K
}
Event: 3.627 GC heap after
{Heap after GC invocations=10 (full 0):
 garbage-first heap   total 97280K, used 30567K [0x0000000080000000, 0x0000000100000000)
  region size 1024K, 3 young (3072K), 3 survivors (3072K)
 Metaspace       used 42495K, committed 42880K, reserved 1089536K
  class space    used 5568K, committed 5696K, reserved 1048576K
}

Dll operation events (2 events):
Event: 0.046 Loaded shared library D:\Android Studio\jbr\bin\java.dll
Event: 0.397 Loaded shared library D:\Android Studio\jbr\bin\verify.dll

Deoptimization events (20 events):
Event: 3.394 Thread 0x000001f20203f030 Uncommon trap: trap_request=0xffffffbe fr.pc=0x000001f1b0b17b10 relative=0x0000000000003e90
Event: 3.394 Thread 0x000001f20203f030 Uncommon trap: reason=profile_predicate action=maybe_recompile pc=0x000001f1b0b17b10 method=java.util.AbstractCollection.addAll(Ljava/util/Collection;)Z @ 15 c2
Event: 3.394 Thread 0x000001f20203f030 DEOPT PACKING pc=0x000001f1b0b17b10 sp=0x00000001026fa200
Event: 3.394 Thread 0x000001f20203f030 DEOPT UNPACKING pc=0x000001f1b03f69a3 sp=0x00000001026fa1f8 mode 2
Event: 3.438 Thread 0x000001f20203f030 Uncommon trap: trap_request=0xffffffde fr.pc=0x000001f1b0b36c10 relative=0x00000000000004b0
Event: 3.438 Thread 0x000001f20203f030 Uncommon trap: reason=class_check action=maybe_recompile pc=0x000001f1b0b36c10 method=java.util.regex.Pattern$Start.match(Ljava/util/regex/Matcher;ILjava/lang/CharSequence;)Z @ 44 c2
Event: 3.438 Thread 0x000001f20203f030 DEOPT PACKING pc=0x000001f1b0b36c10 sp=0x00000001026f9130
Event: 3.438 Thread 0x000001f20203f030 DEOPT UNPACKING pc=0x000001f1b03f69a3 sp=0x00000001026f8ff8 mode 2
Event: 3.438 Thread 0x000001f20203f030 Uncommon trap: trap_request=0xffffffde fr.pc=0x000001f1b0b36c10 relative=0x00000000000004b0
Event: 3.438 Thread 0x000001f20203f030 Uncommon trap: reason=class_check action=maybe_recompile pc=0x000001f1b0b36c10 method=java.util.regex.Pattern$Start.match(Ljava/util/regex/Matcher;ILjava/lang/CharSequence;)Z @ 44 c2
Event: 3.438 Thread 0x000001f20203f030 DEOPT PACKING pc=0x000001f1b0b36c10 sp=0x00000001026f9130
Event: 3.438 Thread 0x000001f20203f030 DEOPT UNPACKING pc=0x000001f1b03f69a3 sp=0x00000001026f8ff8 mode 2
Event: 3.438 Thread 0x000001f20203f030 Uncommon trap: trap_request=0xffffffde fr.pc=0x000001f1b0b27e68 relative=0x0000000000000488
Event: 3.438 Thread 0x000001f20203f030 Uncommon trap: reason=class_check action=maybe_recompile pc=0x000001f1b0b27e68 method=java.util.regex.Pattern$Start.match(Ljava/util/regex/Matcher;ILjava/lang/CharSequence;)Z @ 44 c2
Event: 3.438 Thread 0x000001f20203f030 DEOPT PACKING pc=0x000001f1b0b27e68 sp=0x00000001026f90c0
Event: 3.438 Thread 0x000001f20203f030 DEOPT UNPACKING pc=0x000001f1b03f69a3 sp=0x00000001026f9000 mode 2
Event: 3.734 Thread 0x000001f20203f030 Uncommon trap: trap_request=0xffffff45 fr.pc=0x000001f1b0af04bc relative=0x000000000000011c
Event: 3.734 Thread 0x000001f20203f030 Uncommon trap: reason=unstable_if action=reinterpret pc=0x000001f1b0af04bc method=java.util.Arrays.hashCode([Ljava/lang/Object;)I @ 34 c2
Event: 3.734 Thread 0x000001f20203f030 DEOPT PACKING pc=0x000001f1b0af04bc sp=0x00000001026f8ca0
Event: 3.734 Thread 0x000001f20203f030 DEOPT UNPACKING pc=0x000001f1b03f69a3 sp=0x00000001026f8c18 mode 2

Classes unloaded (0 events):
No events

Classes redefined (0 events):
No events

Internal exceptions (20 events):
Event: 3.666 Thread 0x000001f20203f030 Exception <a 'java/lang/IncompatibleClassChangeError'{0x000000008d230990}: Found class java.lang.Object, but interface was expected> (0x000000008d230990) 
thrown [s\src\hotspot\share\interpreter\linkResolver.cpp, line 838]
Event: 3.705 Thread 0x000001f20203f030 Exception <a 'java/lang/ClassNotFoundException'{0x000000008d2f2760}: settings_dsjn44fxun38a0ssojxhuslipBeanInfo> (0x000000008d2f2760) 
thrown [s\src\hotspot\share\classfile\systemDictionary.cpp, line 256]
Event: 3.706 Thread 0x000001f20203f030 Exception <a 'java/lang/ClassNotFoundException'{0x000000008d2f8f98}: settings_dsjn44fxun38a0ssojxhuslipCustomizer> (0x000000008d2f8f98) 
thrown [s\src\hotspot\share\classfile\systemDictionary.cpp, line 256]
Event: 3.709 Thread 0x000001f20203f030 Exception <a 'java/lang/ClassNotFoundException'{0x000000008d154d30}: org/gradle/internal/management/DefaultDependencyResolutionManagement_DecoratedBeanInfo> (0x000000008d154d30) 
thrown [s\src\hotspot\share\classfile\systemDictionary.cpp, line 256]
Event: 3.710 Thread 0x000001f20203f030 Exception <a 'java/lang/ClassNotFoundException'{0x000000008d169280}: org/gradle/internal/management/DefaultDependencyResolutionManagementBeanInfo> (0x000000008d169280) 
thrown [s\src\hotspot\share\classfile\systemDictionary.cpp, line 256]
Event: 3.710 Thread 0x000001f20203f030 Exception <a 'java/lang/ClassNotFoundException'{0x000000008d17d268}: org/gradle/internal/management/DefaultDependencyResolutionManagementCustomizer> (0x000000008d17d268) 
thrown [s\src\hotspot\share\classfile\systemDictionary.cpp, line 256]
Event: 3.711 Thread 0x000001f20203f030 Exception <a 'java/lang/ClassNotFoundException'{0x000000008d1a3b50}: org/gradle/internal/management/DefaultDependencyResolutionManagement_DecoratedCustomizer> (0x000000008d1a3b50) 
thrown [s\src\hotspot\share\classfile\systemDictionary.cpp, line 256]
Event: 3.713 Thread 0x000001f20203f030 Exception <a 'java/lang/ClassNotFoundException'{0x000000008d1f04e8}: org/gradle/api/initialization/resolve/RepositoriesModeBeanInfo> (0x000000008d1f04e8) 
thrown [s\src\hotspot\share\classfile\systemDictionary.cpp, line 256]
Event: 3.714 Thread 0x000001f20203f030 Exception <a 'java/lang/ClassNotFoundException'{0x000000008d1f5330}: java/lang/EnumBeanInfo> (0x000000008d1f5330) 
thrown [s\src\hotspot\share\classfile\systemDictionary.cpp, line 256]
Event: 3.714 Thread 0x000001f20203f030 Exception <a 'java/lang/ClassNotFoundException'{0x000000008d1fa198}: java/lang/EnumCustomizer> (0x000000008d1fa198) 
thrown [s\src\hotspot\share\classfile\systemDictionary.cpp, line 256]
Event: 3.715 Thread 0x000001f20203f030 Exception <a 'java/lang/ClassNotFoundException'{0x000000008d013150}: org/gradle/api/initialization/resolve/RepositoriesModeCustomizer> (0x000000008d013150) 
thrown [s\src\hotspot\share\classfile\systemDictionary.cpp, line 256]
Event: 3.719 Thread 0x000001f20203f030 Exception <a 'java/lang/ClassNotFoundException'{0x000000008d080ad0}: org/gradle/api/internal/provider/DefaultPropertyBeanInfo> (0x000000008d080ad0) 
thrown [s\src\hotspot\share\classfile\systemDictionary.cpp, line 256]
Event: 3.720 Thread 0x000001f20203f030 Exception <a 'java/lang/ClassNotFoundException'{0x000000008d091ce8}: org/gradle/api/internal/provider/AbstractPropertyBeanInfo> (0x000000008d091ce8) 
thrown [s\src\hotspot\share\classfile\systemDictionary.cpp, line 256]
Event: 3.720 Thread 0x000001f20203f030 Exception <a 'java/lang/ClassNotFoundException'{0x000000008d0a37d8}: org/gradle/api/internal/provider/AbstractMinimalProviderBeanInfo> (0x000000008d0a37d8) 
thrown [s\src\hotspot\share\classfile\systemDictionary.cpp, line 256]
Event: 3.721 Thread 0x000001f20203f030 Exception <a 'java/lang/ClassNotFoundException'{0x000000008d0b4b00}: org/gradle/api/internal/provider/AbstractMinimalProviderCustomizer> (0x000000008d0b4b00) 
thrown [s\src\hotspot\share\classfile\systemDictionary.cpp, line 256]
Event: 3.722 Thread 0x000001f20203f030 Exception <a 'java/lang/ClassNotFoundException'{0x000000008d0dec70}: org/gradle/api/internal/provider/AbstractPropertyCustomizer> (0x000000008d0dec70) 
thrown [s\src\hotspot\share\classfile\systemDictionary.cpp, line 256]
Event: 3.723 Thread 0x000001f20203f030 Exception <a 'java/lang/ClassNotFoundException'{0x000000008d0fb9b8}: org/gradle/api/internal/provider/DefaultPropertyCustomizer> (0x000000008d0fb9b8) 
thrown [s\src\hotspot\share\classfile\systemDictionary.cpp, line 256]
Event: 3.732 Thread 0x000001f20203f030 Exception <a 'java/lang/ClassNotFoundException'{0x000000008cf64bd0}: org/gradle/initialization/DefaultProjectDescriptorBeanInfo> (0x000000008cf64bd0) 
thrown [s\src\hotspot\share\classfile\systemDictionary.cpp, line 256]
Event: 3.732 Thread 0x000001f20203f030 Exception <a 'java/lang/ClassNotFoundException'{0x000000008cf730c0}: org/gradle/initialization/DefaultProjectDescriptorCustomizer> (0x000000008cf730c0) 
thrown [s\src\hotspot\share\classfile\systemDictionary.cpp, line 256]
Event: 3.734 Thread 0x000001f20203f030 Implicit null exception at 0x000001f1b0af03ec to 0x000001f1b0af04a0

VM Operations (20 events):
Event: 3.162 Executing VM operation: HandshakeAllThreads
Event: 3.162 Executing VM operation: HandshakeAllThreads done
Event: 3.241 Executing VM operation: HandshakeAllThreads
Event: 3.242 Executing VM operation: HandshakeAllThreads done
Event: 3.242 Executing VM operation: HandshakeAllThreads
Event: 3.242 Executing VM operation: HandshakeAllThreads done
Event: 3.244 Executing VM operation: HandshakeAllThreads
Event: 3.245 Executing VM operation: HandshakeAllThreads done
Event: 3.248 Executing VM operation: HandshakeAllThreads
Event: 3.248 Executing VM operation: HandshakeAllThreads done
Event: 3.300 Executing VM operation: HandshakeAllThreads
Event: 3.300 Executing VM operation: HandshakeAllThreads done
Event: 3.346 Executing VM operation: G1CollectForAllocation
Event: 3.351 Executing VM operation: G1CollectForAllocation done
Event: 3.601 Executing VM operation: ICBufferFull
Event: 3.601 Executing VM operation: ICBufferFull done
Event: 3.623 Executing VM operation: G1CollectForAllocation
Event: 3.627 Executing VM operation: G1CollectForAllocation done
Event: 3.812 Executing VM operation: HandshakeAllThreads
Event: 3.813 Executing VM operation: HandshakeAllThreads done

Events (20 events):
Event: 3.714 loading class java/lang/EnumBeanInfo done
Event: 3.714 loading class java/lang/EnumBeanInfo
Event: 3.714 loading class java/lang/EnumBeanInfo done
Event: 3.714 loading class java/lang/EnumCustomizer
Event: 3.714 loading class java/lang/EnumCustomizer done
Event: 3.714 loading class java/lang/EnumCustomizer
Event: 3.714 loading class java/lang/EnumCustomizer done
Event: 3.735 loading class jdk/internal/math/FDBigInteger
Event: 3.735 loading class jdk/internal/math/FDBigInteger done
Event: 3.742 loading class java/util/zip/GZIPOutputStream
Event: 3.742 loading class java/util/zip/GZIPOutputStream done
Event: 3.742 loading class java/util/zip/GZIPInputStream
Event: 3.742 loading class java/util/zip/GZIPInputStream done
Event: 3.745 loading class java/lang/ThreadLocal$SuppliedThreadLocal
Event: 3.745 loading class java/lang/ThreadLocal$SuppliedThreadLocal done
Event: 3.762 Thread 0x000001f2062af700 Thread added: 0x000001f2062af700
Event: 3.794 loading class java/nio/file/AtomicMoveNotSupportedException
Event: 3.794 loading class java/nio/file/AtomicMoveNotSupportedException done
Event: 3.812 loading class java/io/FileWriter
Event: 3.812 loading class java/io/FileWriter done


Dynamic libraries:
0x00007ff7760b0000 - 0x00007ff7760ba000 	D:\Android Studio\jbr\bin\java.exe
0x00007ffff7c70000 - 0x00007ffff7e84000 	C:\WINDOWS\SYSTEM32\ntdll.dll
0x00007ffff5c30000 - 0x00007ffff5cf4000 	C:\WINDOWS\System32\KERNEL32.DLL
0x00007ffff52e0000 - 0x00007ffff5684000 	C:\WINDOWS\System32\KERNELBASE.dll
0x00007ffff5080000 - 0x00007ffff5191000 	C:\WINDOWS\System32\ucrtbase.dll
0x00007fffbdf70000 - 0x00007fffbdf8b000 	D:\Android Studio\jbr\bin\VCRUNTIME140.dll
0x00007fffb78e0000 - 0x00007fffb78f7000 	D:\Android Studio\jbr\bin\jli.dll
0x00007ffff5a80000 - 0x00007ffff5c2a000 	C:\WINDOWS\System32\USER32.dll
0x00007ffff5050000 - 0x00007ffff5076000 	C:\WINDOWS\System32\win32u.dll
0x00007fffdf8e0000 - 0x00007fffdfb6f000 	C:\WINDOWS\WinSxS\amd64_microsoft.windows.common-controls_6595b64144ccf1df_6.0.22621.2070_none_2713e6537381f706\COMCTL32.dll
0x00007ffff5db0000 - 0x00007ffff5dd9000 	C:\WINDOWS\System32\GDI32.dll
0x00007ffff6650000 - 0x00007ffff66f7000 	C:\WINDOWS\System32\msvcrt.dll
0x00007ffff5910000 - 0x00007ffff5a29000 	C:\WINDOWS\System32\gdi32full.dll
0x00007ffff5690000 - 0x00007ffff572a000 	C:\WINDOWS\System32\msvcp_win.dll
0x00007ffff5de0000 - 0x00007ffff5e11000 	C:\WINDOWS\System32\IMM32.DLL
0x00007fffdaf70000 - 0x00007fffdaf7c000 	D:\Android Studio\jbr\bin\vcruntime140_1.dll
0x00007fffb4160000 - 0x00007fffb41ed000 	D:\Android Studio\jbr\bin\msvcp140.dll
0x00007fff6f2d0000 - 0x00007fff6ff3d000 	D:\Android Studio\jbr\bin\server\jvm.dll
0x00007ffff65a0000 - 0x00007ffff6650000 	C:\WINDOWS\System32\ADVAPI32.dll
0x00007ffff5d00000 - 0x00007ffff5da6000 	C:\WINDOWS\System32\sechost.dll
0x00007ffff76b0000 - 0x00007ffff77c7000 	C:\WINDOWS\System32\RPCRT4.dll
0x00007fffe4bf0000 - 0x00007fffe4c24000 	C:\WINDOWS\SYSTEM32\WINMM.dll
0x00007fffedd80000 - 0x00007fffedd8a000 	C:\WINDOWS\SYSTEM32\VERSION.dll
0x00007fff70bb0000 - 0x00007fff70bb9000 	C:\WINDOWS\SYSTEM32\WSOCK32.dll
0x00007ffff6700000 - 0x00007ffff6771000 	C:\WINDOWS\System32\WS2_32.dll
0x00007ffff4040000 - 0x00007ffff4058000 	C:\WINDOWS\SYSTEM32\kernel.appcore.dll
0x00007fff70a40000 - 0x00007fff70a4a000 	D:\Android Studio\jbr\bin\jimage.dll
0x00007ffff2760000 - 0x00007ffff298e000 	C:\WINDOWS\SYSTEM32\DBGHELP.DLL
0x00007ffff77d0000 - 0x00007ffff7b5a000 	C:\WINDOWS\System32\combase.dll
0x00007ffff6990000 - 0x00007ffff6a67000 	C:\WINDOWS\System32\OLEAUT32.dll
0x00007fffd88d0000 - 0x00007fffd8902000 	C:\WINDOWS\SYSTEM32\dbgcore.DLL
0x00007ffff5260000 - 0x00007ffff52da000 	C:\WINDOWS\System32\bcryptPrimitives.dll
0x00007fff70a10000 - 0x00007fff70a35000 	D:\Android Studio\jbr\bin\java.dll
0x00007fff709f0000 - 0x00007fff70a08000 	D:\Android Studio\jbr\bin\zip.dll
0x00007ffff6c40000 - 0x00007ffff7456000 	C:\WINDOWS\System32\SHELL32.dll
0x00007ffff3020000 - 0x00007ffff390a000 	C:\WINDOWS\SYSTEM32\windows.storage.dll
0x00007ffff2ee0000 - 0x00007ffff301e000 	C:\WINDOWS\SYSTEM32\wintypes.dll
0x00007ffff5e50000 - 0x00007ffff5f43000 	C:\WINDOWS\System32\SHCORE.dll
0x00007ffff7bd0000 - 0x00007ffff7c2e000 	C:\WINDOWS\System32\shlwapi.dll
0x00007ffff4f80000 - 0x00007ffff4fa6000 	C:\WINDOWS\SYSTEM32\profapi.dll
0x00007fff709d0000 - 0x00007fff709e9000 	D:\Android Studio\jbr\bin\net.dll
0x00007fffedc40000 - 0x00007fffedd77000 	C:\WINDOWS\SYSTEM32\WINHTTP.dll
0x00007ffff4510000 - 0x00007ffff4579000 	C:\WINDOWS\system32\mswsock.dll
0x00007fff6f2b0000 - 0x00007fff6f2c6000 	D:\Android Studio\jbr\bin\nio.dll
0x00007fff6bf90000 - 0x00007fff6bfa0000 	D:\Android Studio\jbr\bin\verify.dll
0x00007fffcc500000 - 0x00007fffcc527000 	C:\Users\ASUS\.gradle\native\68d5fa5c4cc2d200863cafc0d521ce42e7d3e7ee720ec0a83991735586a16f82\windows-amd64\native-platform.dll
0x00007fff8a000000 - 0x00007fff8a144000 	C:\Users\ASUS\.gradle\native\e376f236ea51e6404a007f0833ffe2c6e607c4080706a723a18a27aeea778392\windows-amd64\native-platform-file-events.dll
0x00007fff709c0000 - 0x00007fff709c9000 	D:\Android Studio\jbr\bin\management.dll
0x00007fff6c080000 - 0x00007fff6c08b000 	D:\Android Studio\jbr\bin\management_ext.dll
0x00007ffff6a70000 - 0x00007ffff6a78000 	C:\WINDOWS\System32\PSAPI.DLL
0x00007ffff47d0000 - 0x00007ffff47eb000 	C:\WINDOWS\SYSTEM32\CRYPTSP.dll
0x00007ffff4000000 - 0x00007ffff4035000 	C:\WINDOWS\system32\rsaenh.dll
0x00007ffff4600000 - 0x00007ffff462c000 	C:\WINDOWS\SYSTEM32\USERENV.dll
0x00007ffff49f0000 - 0x00007ffff4a18000 	C:\WINDOWS\SYSTEM32\bcrypt.dll
0x00007ffff47f0000 - 0x00007ffff47fc000 	C:\WINDOWS\SYSTEM32\CRYPTBASE.dll
0x00007ffff3b70000 - 0x00007ffff3b9d000 	C:\WINDOWS\SYSTEM32\IPHLPAPI.DLL
0x00007ffff6590000 - 0x00007ffff6599000 	C:\WINDOWS\System32\NSI.dll
0x00007fffede40000 - 0x00007fffede59000 	C:\WINDOWS\SYSTEM32\dhcpcsvc6.DLL
0x00007fffede20000 - 0x00007fffede3f000 	C:\WINDOWS\SYSTEM32\dhcpcsvc.DLL
0x00007ffff3be0000 - 0x00007ffff3cd3000 	C:\WINDOWS\SYSTEM32\DNSAPI.dll
0x00007fff6bf80000 - 0x00007fff6bf88000 	C:\WINDOWS\system32\wshunix.dll

dbghelp: loaded successfully - version: 4.0.5 - missing functions: none
symbol engine: initialized successfully - sym options: 0x614 - pdb path: .;D:\Android Studio\jbr\bin;C:\WINDOWS\SYSTEM32;C:\WINDOWS\WinSxS\amd64_microsoft.windows.common-controls_6595b64144ccf1df_6.0.22621.2070_none_2713e6537381f706;D:\Android Studio\jbr\bin\server;C:\Users\ASUS\.gradle\native\68d5fa5c4cc2d200863cafc0d521ce42e7d3e7ee720ec0a83991735586a16f82\windows-amd64;C:\Users\ASUS\.gradle\native\e376f236ea51e6404a007f0833ffe2c6e607c4080706a723a18a27aeea778392\windows-amd64

VM Arguments:
jvm_args: --add-opens=java.base/java.util=ALL-UNNAMED --add-opens=java.base/java.lang=ALL-UNNAMED --add-opens=java.base/java.lang.invoke=ALL-UNNAMED --add-opens=java.prefs/java.util.prefs=ALL-UNNAMED --add-opens=java.base/java.nio.charset=ALL-UNNAMED --add-opens=java.base/java.net=ALL-UNNAMED --add-opens=java.base/java.util.concurrent.atomic=ALL-UNNAMED -Xmx2048m -Dfile.encoding=UTF-8 -Duser.country=US -Duser.language=en -Duser.variant 
java_command: org.gradle.launcher.daemon.bootstrap.GradleDaemon 8.0
java_class_path (initial): C:\Users\ASUS\.gradle\wrapper\dists\gradle-8.0-bin\ca5e32bp14vu59qr306oxotwh\gradle-8.0\lib\gradle-launcher-8.0.jar
Launcher Type: SUN_STANDARD

[Global flags]
     intx CICompilerCount                          = 4                                         {product} {ergonomic}
     uint ConcGCThreads                            = 3                                         {product} {ergonomic}
     uint G1ConcRefinementThreads                  = 10                                        {product} {ergonomic}
   size_t G1HeapRegionSize                         = 1048576                                   {product} {ergonomic}
    uintx GCDrainStackTargetSize                   = 64                                        {product} {ergonomic}
   size_t InitialHeapSize                          = 266338304                                 {product} {ergonomic}
   size_t MarkStackSize                            = 4194304                                   {product} {ergonomic}
   size_t MaxHeapSize                              = 2147483648                                {product} {command line}
   size_t MaxNewSize                               = 1287651328                                {product} {ergonomic}
   size_t MinHeapDeltaBytes                        = 1048576                                   {product} {ergonomic}
   size_t MinHeapSize                              = 8388608                                   {product} {ergonomic}
    uintx NonNMethodCodeHeapSize                   = 5839372                                {pd product} {ergonomic}
    uintx NonProfiledCodeHeapSize                  = 122909434                              {pd product} {ergonomic}
    uintx ProfiledCodeHeapSize                     = 122909434                              {pd product} {ergonomic}
    uintx ReservedCodeCacheSize                    = 251658240                              {pd product} {ergonomic}
     bool SegmentedCodeCache                       = true                                      {product} {ergonomic}
   size_t SoftMaxHeapSize                          = 2147483648                             {manageable} {ergonomic}
     bool UseCompressedClassPointers               = true                           {product lp64_product} {ergonomic}
     bool UseCompressedOops                        = true                           {product lp64_product} {ergonomic}
     bool UseG1GC                                  = true                                      {product} {ergonomic}
     bool UseLargePagesIndividualAllocation        = false                                  {pd product} {ergonomic}

Logging:
Log output configuration:
 #0: stdout all=warning uptime,level,tags
 #1: stderr all=off uptime,level,tags

Environment Variables:
JAVA_HOME=C:\Program Files\Zulu\zulu-17
PATH=C:\Program Files\Zulu\zulu-17\bin\;C:\Windows\system32;C:\Windows;C:\Windows\System32\Wbem;C:\Windows\System32\WindowsPowerShell\v1.0\;C:\Windows\System32\OpenSSH\;C:\Program Files (x86)\NVIDIA Corporation\PhysX\Common;C:\Program Files\NVIDIA Corporation\NVIDIA NvDLISR;C:\Program Files\Git\cmd;C:\WINDOWS\system32;C:\WINDOWS;C:\WINDOWS\System32\Wbem;C:\WINDOWS\System32\WindowsPowerShell\v1.0\;C:\WINDOWS\System32\OpenSSH\;C:\Users\ASUS\AppData\Local\Microsoft\WindowsApps;D:\src\flutter\bin;;C:\Users\ASUS\AppData\Local\Programs\Microsoft VS Code\bin
USERNAME=ASUS
OS=Windows_NT
PROCESSOR_IDENTIFIER=Intel64 Family 6 Model 158 Stepping 10, GenuineIntel
TMP=C:\Users\ASUS\AppData\Local\Temp
TEMP=C:\Users\ASUS\AppData\Local\Temp



---------------  S Y S T E M  ---------------

OS:
 Windows 11 , 64 bit Build 22621 (10.0.22621.2070)
OS uptime: 0 days 0:25 hours

CPU: total 12 (initial active 12) (6 cores per cpu, 2 threads per core) family 6 model 158 stepping 10 microcode 0xde, cx8, cmov, fxsr, ht, mmx, 3dnowpref, sse, sse2, sse3, ssse3, sse4.1, sse4.2, popcnt, lzcnt, tsc, tscinvbit, avx, avx2, aes, erms, clmul, bmi1, bmi2, adx, fma, vzeroupper, clflush, clflushopt

Memory: 4k page, system-wide physical 16234M (5498M free)
TotalPageFile size 24170M (AvailPageFile size 9258M)
current process WorkingSet (physical memory assigned to process): 249M, peak: 249M
current process commit charge ("private bytes"): 305M, peak: 404M

vm_info: OpenJDK 64-Bit Server VM (17.0.6+0-b2043.56-9586694) for windows-amd64 JRE (17.0.6+0-b2043.56-9586694), built on Feb  9 2023 20:06:20 by "androidbuild" with MS VC++ 16.10 / 16.11 (VS2019)

END.
